<?xml version="1.0" encoding="UTF-8"?>
<!-- Generated by org.testng.reporters.JUnitReportReporter -->
<testsuite hostname="Admin-PC" name="com.crm.qa.TestCases.HomePageTest" tests="3" failures="0" timestamp="7 Jul 2019 04:57:57 GMT" time="50.310" errors="0">
  <testcase name="verityZooplaLogo" time="14.169" classname="com.crm.qa.TestCases.HomePageTest"/>
  <testcase name="enterCityNameToSearchBox" time="24.986" classname="com.crm.qa.TestCases.HomePageTest"/>
  <testcase name="verifyHomePageTitle" time="11.155" classname="com.crm.qa.TestCases.HomePageTest"/>
</testsuite> <!-- com.crm.qa.TestCases.HomePageTest -->
