<?xml version="1.0" encoding="UTF-8"?>
<!-- Generated by org.testng.reporters.JUnitReportReporter -->
<testsuite skipped="0" hostname="PAVAN-PC" name="com.crm.qa.TestCases.SalesPageTest" tests="1" failures="0" timestamp="15 Jun 2019 10:38:52 GMT" time="43.414" errors="0">
  <testcase name="clickOnPositionValue" time="43.414" classname="com.crm.qa.TestCases.SalesPageTest"/>
</testsuite> <!-- com.crm.qa.TestCases.SalesPageTest -->
