<?xml version="1.0" encoding="UTF-8"?>
<!-- Generated by org.testng.reporters.JUnitReportReporter -->
<testsuite skipped="0" hostname="PAVAN-PC" name="com.crm.qa.TestCases.LoginPageTest" tests="1" failures="0" timestamp="12 Jun 2019 18:04:17 GMT" time="22.060" errors="0">
  <testcase name="Tester" time="22.060" classname="com.crm.qa.TestCases.LoginPageTest"/>
</testsuite> <!-- com.crm.qa.TestCases.LoginPageTest -->
