<?xml version="1.0" encoding="UTF-8"?>
<!-- Generated by org.testng.reporters.JUnitReportReporter -->
<testsuite hostname="Admin-PC" name="com.saal.challenge.TestCases.CheckoutPageTest" tests="2" failures="0" timestamp="18 Aug 2019 18:22:29 GMT" time="89.310" errors="0">
  <testcase name="loginTest" time="42.617" classname="com.saal.challenge.TestCases.CheckoutPageTest"/>
  <testcase name="orderConfirmationValidateTest" time="46.693" classname="com.saal.challenge.TestCases.CheckoutPageTest"/>
</testsuite> <!-- com.saal.challenge.TestCases.CheckoutPageTest -->
