<?xml version="1.0" encoding="UTF-8"?>
<!-- Generated by org.testng.reporters.JUnitReportReporter -->
<testsuite hostname="Admin-PC" name="com.saal.challenge.TestCases.SignInPageTest" tests="2" failures="0" timestamp="18 Aug 2019 18:22:29 GMT" time="36.717" errors="0">
  <testcase name="verifySignInPageTitleTest" time="15.586" classname="com.saal.challenge.TestCases.SignInPageTest"/>
  <testcase name="verifySignInButtonTest" time="21.131" classname="com.saal.challenge.TestCases.SignInPageTest"/>
</testsuite> <!-- com.saal.challenge.TestCases.SignInPageTest -->
