<?xml version="1.0" encoding="UTF-8"?>
<!-- Generated by org.testng.reporters.JUnitReportReporter -->
<testsuite skipped="0" hostname="PAVAN-PC" name="com.crm.qa.TestCases.AgentsPageTest" tests="1" failures="0" timestamp="15 Jun 2019 15:17:10 GMT" time="40.532" errors="0">
  <testcase name="printAgentsName" time="40.532" classname="com.crm.qa.TestCases.AgentsPageTest"/>
</testsuite> <!-- com.crm.qa.TestCases.AgentsPageTest -->
